2026-01-29 13:02:31 | INFO | GET /admin/ status=200 user=admin duration=0.240s
2026-01-29 13:19:44 | INFO | GET /admin/authtoken/tokenproxy/ status=200 user=admin duration=1.692s
2026-01-29 13:20:04 | INFO | POST /api/import/ status=200 user=user duration=1.279s
2026-01-29 13:20:47 | INFO | POST /api/import/ status=200 user=user duration=0.567s
2026-01-29 13:22:36 | INFO | POST /api/import/ status=200 user=user duration=0.370s
2026-01-29 13:22:42 | INFO | GET /admin/logs/log/ status=200 user=admin duration=0.583s
2026-01-29 13:22:42 | INFO | GET /admin/jsi18n/ status=200 user=admin duration=0.513s
2026-01-29 13:22:54 | INFO | GET /admin/logs/log/ status=200 user=admin duration=0.582s
2026-01-29 13:22:55 | INFO | GET /admin/jsi18n/ status=200 user=admin duration=0.687s
2026-01-29 13:23:00 | INFO | GET /admin/logs/log/3/change/ status=200 user=admin duration=1.297s
2026-01-29 13:23:01 | INFO | GET /admin/jsi18n/ status=200 user=admin duration=0.339s
2026-01-29 13:26:37 | INFO | GET /admin/logs/log/3/change/ status=200 user=admin duration=0.599s
2026-01-29 13:26:38 | INFO | GET /admin/jsi18n/ status=200 user=admin duration=0.856s
2026-01-29 13:27:20 | INFO | GET /admin/logs/log/3/change/ status=200 user=admin duration=1.633s
2026-01-29 13:27:21 | INFO | GET /admin/jsi18n/ status=200 user=admin duration=0.961s
2026-01-29 13:27:37 | INFO | GET /admin/logs/log/3/change/ status=200 user=admin duration=1.319s
2026-01-29 13:27:38 | INFO | GET /admin/jsi18n/ status=200 user=admin duration=0.856s
2026-01-29 13:29:06 | INFO | GET /admin/logs/log/3/change/ status=200 user=admin duration=0.740s
2026-01-29 13:29:07 | INFO | GET /admin/jsi18n/ status=200 user=admin duration=0.426s
2026-01-29 13:29:24 | INFO | GET /admin/logs/log/3/change/ status=200 user=admin duration=0.718s
2026-01-29 13:29:25 | INFO | GET /admin/jsi18n/ status=200 user=admin duration=1.887s
2026-01-29 13:29:38 | INFO | GET /admin/logs/log/ status=200 user=admin duration=0.687s
2026-01-29 13:29:38 | INFO | GET /admin/jsi18n/ status=200 user=admin duration=0.493s
